2024-05-22 16:40:00.849564: I tensorflow/core/platform/cpu_feature_guard.cc:193] This TensorFlow binary is optimized with oneAPI Deep Neural Network Library (oneDNN) to use the following CPU instructions in performance-critical operations:  AVX2 AVX512F AVX512_VNNI AVX512_BF16 AVX_VNNI AMX_TILE AMX_INT8 AMX_BF16 FMA
To enable them in other operations, rebuild TensorFlow with the appropriate compiler flags.
2024-05-22 16:40:06.532718: I tensorflow/core/common_runtime/gpu/gpu_device.cc:1532] Created device /job:localhost/replica:0/task:0/device:GPU:0 with 22127 MB memory:  -> device: 0, name: NVIDIA GeForce RTX 4090, pci bus id: 0000:16:00.0, compute capability: 8.9
2024-05-22 16:40:06.534364: I tensorflow/core/common_runtime/gpu/gpu_device.cc:1532] Created device /job:localhost/replica:0/task:0/device:GPU:1 with 22129 MB memory:  -> device: 1, name: NVIDIA GeForce RTX 4090, pci bus id: 0000:36:00.0, compute capability: 8.9
2024-05-22 16:40:06.535638: I tensorflow/core/common_runtime/gpu/gpu_device.cc:1532] Created device /job:localhost/replica:0/task:0/device:GPU:2 with 22127 MB memory:  -> device: 2, name: NVIDIA GeForce RTX 4090, pci bus id: 0000:46:00.0, compute capability: 8.9
2024-05-22 16:40:06.536896: I tensorflow/core/common_runtime/gpu/gpu_device.cc:1532] Created device /job:localhost/replica:0/task:0/device:GPU:3 with 22127 MB memory:  -> device: 3, name: NVIDIA GeForce RTX 4090, pci bus id: 0000:56:00.0, compute capability: 8.9
2024-05-22 16:40:06.538040: I tensorflow/core/common_runtime/gpu/gpu_device.cc:1532] Created device /job:localhost/replica:0/task:0/device:GPU:4 with 21676 MB memory:  -> device: 4, name: NVIDIA GeForce RTX 4090, pci bus id: 0000:98:00.0, compute capability: 8.9
2024-05-22 16:40:06.539176: I tensorflow/core/common_runtime/gpu/gpu_device.cc:1532] Created device /job:localhost/replica:0/task:0/device:GPU:5 with 22129 MB memory:  -> device: 5, name: NVIDIA GeForce RTX 4090, pci bus id: 0000:b8:00.0, compute capability: 8.9
2024-05-22 16:40:06.540287: I tensorflow/core/common_runtime/gpu/gpu_device.cc:1532] Created device /job:localhost/replica:0/task:0/device:GPU:6 with 22127 MB memory:  -> device: 6, name: NVIDIA GeForce RTX 4090, pci bus id: 0000:c8:00.0, compute capability: 8.9
2024-05-22 16:40:06.541391: I tensorflow/core/common_runtime/gpu/gpu_device.cc:1532] Created device /job:localhost/replica:0/task:0/device:GPU:7 with 22129 MB memory:  -> device: 7, name: NVIDIA GeForce RTX 4090, pci bus id: 0000:d8:00.0, compute capability: 8.9
Processed 239 items
Processed 247 items
Processed 624 items
Processed 630 items
Processed 1007 items
Processed 1015 items
Processed 235 items
Processed 242 items
Processed 618 items
Processed 625 items
Processed 1003 items
Processed 1010 items
Processed 236 items
Processed 243 items
Processed 621 items
Processed 627 items
Processed 1004 items
Processed 1012 items
Processed 237 items
Processed 245 items
Processed 622 items
Processed 628 items
Processed 1006 items
Processed 1013 items
Processed 241 items
Processed 249 items
Processed 626 items
Processed 633 items
Processed 1009 items
Processed 1016 items
Processed 342 items
Processed 348 items
Processed 722 items
Processed 736 items
Processed 1110 items
Processed 1120 items
Processed 246 items
Processed 253 items
Processed 631 items
Processed 637 items
Processed 1014 items
Processed 1021 items
Processed 248 items
Processed 256 items
Processed 632 items
Processed 639 items
Processed 1017 items
Processed 1023 items
Processed 251 items
Processed 260 items
Processed 636 items
Processed 643 items
Processed 1020 items
Processed 1026 items
Processed 250 items
Processed 258 items
Processed 634 items
Processed 641 items
Processed 1019 items
Processed 1024 items
Processed 254 items
Processed 261 items
Processed 638 items
Processed 644 items
Processed 1022 items
Processed 1028 items
Processed 259 items
Processed 267 items
Processed 645 items
Processed 650 items
Processed 1029 items
Processed 1034 items
Processed 263 items
Processed 269 items
Processed 647 items
Processed 652 items
Processed 1031 items
Processed 1036 items
Processed 266 items
Processed 273 items
Processed 651 items
Processed 656 items
Processed 1035 items
Processed 1040 items
Processed 268 items
Processed 275 items
Processed 653 items
Processed 658 items
Processed 1037 items
Processed 1042 items
Processed 255 items
Processed 262 items
Processed 640 items
Processed 646 items
Processed 1025 items
Processed 1030 items
Processed 264 items
Processed 271 items
Processed 649 items
Processed 654 items
Processed 1033 items
Processed 1039 items
Processed 270 items
Processed 277 items
Processed 655 items
Processed 661 items
Processed 1038 items
Processed 1046 items
Processed 257 items
Processed 265 items
Processed 642 items
Processed 648 items
Processed 1027 items
Processed 1032 items
Processed 272 items
Processed 279 items
Processed 657 items
Processed 663 items
Processed 1041 items
Processed 1048 items
Processed 276 items
Processed 284 items
Processed 660 items
Processed 669 items
Processed 1044 items
Processed 1052 items
Processed 280 items
Processed 286 items
Processed 664 items
Processed 673 items
Processed 1047 items
Processed 1055 items
Processed 287 items
Processed 293 items
Processed 668 items
Processed 679 items
Processed 1051 items
Processed 1064 items
Processed 278 items
Processed 285 items
Processed 662 items
Processed 671 items
Processed 1045 items
Processed 1056 items
Processed 324 items
Processed 331 items
Processed 705 items
Processed 718 items
Processed 1092 items
Processed 1102 items
Processed 288 items
Processed 295 items
Processed 672 items
Processed 684 items
Processed 1057 items
Processed 1069 items
Processed 282 items
Processed 290 items
Processed 666 items
Processed 678 items
Processed 1050 items
Processed 1062 items
Processed 283 items
Processed 289 items
Processed 665 items
Processed 675 items
Processed 1049 items
Processed 1058 items
Processed 1388 items
Processed 1389 items
Processed 1636 items
Processed 1641 items
Processed 2015 items
Processed 2025 items
Processed 2397 items
Processed 2407 items
Processed 1622 items
Processed 1627 items
Processed 2003 items
Processed 2016 items
Processed 2389 items
Processed 2399 items
Processed 1626 items
Processed 1631 items
Processed 2006 items
Processed 2017 items
Processed 2391 items
Processed 2400 items
Processed 1628 items
Processed 1633 items
Processed 2007 items
Processed 2019 items
Processed 2393 items
Processed 2403 items
Processed 1630 items
Processed 1635 items
Processed 2009 items
Processed 2020 items
Processed 2395 items
Processed 2405 items
Processed 1632 items
Processed 1637 items
Processed 2012 items
Processed 2024 items
Processed 2398 items
Processed 2408 items
Processed 1634 items
Processed 1639 items
Processed 2013 items
Processed 2027 items
Processed 2401 items
Processed 2410 items
Processed 1640 items
Processed 1645 items
Processed 2021 items
Processed 2032 items
Processed 2404 items
Processed 2414 items
Processed 1638 items
Processed 1643 items
Processed 2018 items
Processed 2030 items
Processed 2402 items
Processed 2412 items
Processed 1642 items
Processed 1647 items
Processed 2022 items
Processed 2033 items
Processed 2406 items
Processed 2416 items
Processed 1644 items
Processed 1649 items
Processed 2023 items
Processed 2035 items
Processed 2409 items
Processed 2418 items
Processed 1646 items
Processed 1651 items
Processed 2026 items
Processed 2036 items
Processed 2411 items
Processed 2420 items
Processed 1648 items
Processed 1652 items
Processed 2028 items
Processed 2038 items
Processed 2413 items
Processed 2421 items
Processed 1650 items
Processed 1655 items
Processed 2029 items
Processed 2040 items
Processed 2415 items
Processed 2424 items
Processed 1653 items
Processed 1658 items
Processed 2031 items
Processed 2043 items
Processed 2417 items
Processed 2426 items
Processed 1659 items
Processed 1665 items
Processed 2041 items
Processed 2051 items
Processed 2425 items
Processed 2433 items
Processed 1654 items
Processed 1660 items
Processed 2034 items
Processed 2046 items
Processed 2419 items
Processed 2428 items
Processed 1656 items
Processed 1662 items
Processed 2037 items
Processed 2047 items
Processed 2422 items
Processed 2431 items
Processed 1663 items
Processed 1668 items
Processed 2044 items
Processed 2052 items
Processed 2427 items
Processed 2435 items
Processed 1669 items
Processed 1674 items
Processed 2048 items
Processed 2058 items
Processed 2434 items
Processed 2441 items
Processed 1673 items
Processed 1679 items
Processed 2055 items
Processed 2065 items
Processed 2442 items
Processed 2448 items
Processed 1705 items
Processed 1710 items
Processed 2084 items
Processed 2094 items
Processed 2468 items
Processed 2478 items
Processed 1670 items
Processed 1676 items
Processed 2050 items
Processed 2060 items
Processed 2436 items
Processed 2443 items
Processed 1714 items
Processed 1719 items
Processed 2095 items
Processed 2104 items
Processed 2479 items
Processed 2489 items
Processed 1742 items
Processed 1747 items
Processed 2123 items
Processed 2132 items
Processed 2506 items
Processed 2516 items
Processed 1682 items
Processed 1687 items
Processed 2062 items
Processed 2069 items
Processed 2445 items
Processed 2454 items
Processed 1661 items
Processed 1666 items
Processed 2042 items
Processed 2053 items
Processed 2430 items
Processed 2437 items
Processed 1684 items
Processed 1689 items
Processed 2066 items
Processed 2074 items
Processed 2450 items
Processed 2460 items
Processed 1680 items
Processed 1685 items
Processed 2061 items
Processed 2071 items
Processed 2446 items
Processed 2456 items
Processed 1686 items
Processed 1691 items
Processed 2068 items
Processed 2076 items
Processed 2451 items
Processed 2462 items
Processed 1690 items
Processed 1695 items
Processed 2072 items
Processed 2078 items
Processed 2453 items
Processed 2464 items
Processed 1688 items
Processed 1693 items
Processed 2070 items
Processed 2080 items
Processed 2457 items
Processed 2467 items
Processed 1694 items
Processed 1699 items
Processed 2075 items
Processed 2086 items
Processed 2458 items
Processed 2469 items
Processed 1696 items
Processed 1702 items
Processed 2077 items
Processed 2088 items
Processed 2459 items
Processed 2470 items
Processed 1698 items
Processed 1703 items
Processed 2079 items
Processed 2089 items
Processed 2461 items
Processed 2473 items
Processed 1692 items
Processed 1697 items
Processed 2073 items
Processed 2083 items
Processed 2455 items
Processed 2466 items
Processed 1675 items
Processed 1681 items
Processed 2056 items
Processed 2063 items
Processed 2438 items
Processed 2447 items
Processed 1708 items
Processed 1713 items
Processed 2087 items
Processed 2097 items
Processed 2472 items
Processed 2483 items
Processed 1610 items
Processed 1615 items
Processed 1989 items
Processed 2000 items
Processed 2371 items
Processed 2381 items
Processed 2755 items
Processed 2760 items
Processed 1704 items
Processed 1711 items
Processed 2085 items
Processed 2096 items
Processed 2471 items
Processed 2480 items
Processed 1712 items
Processed 1717 items
Processed 2092 items
Processed 2101 items
Processed 2477 items
Processed 2487 items
Processed 1677 items
Processed 1683 items
Processed 2059 items
Processed 2067 items
Processed 2444 items
Processed 2452 items
Processed 1718 items
Processed 1723 items
Processed 2100 items
Processed 2108 items
Processed 2482 items
Processed 2492 items
Processed 1716 items
Processed 1721 items
Processed 2098 items
Processed 2106 items
Processed 2481 items
Processed 2491 items
Processed 1722 items
Processed 1727 items
Processed 2103 items
Processed 2110 items
Processed 2485 items
Processed 2496 items
Processed 1720 items
Processed 1725 items
Processed 2102 items
Processed 2111 items
Processed 2486 items
Processed 2495 items
Processed 1724 items
Processed 1729 items
Processed 2105 items
Processed 2114 items
Processed 2488 items
Processed 2498 items
Processed 1726 items
Processed 1731 items
Processed 2107 items
Processed 2116 items
Processed 2489 items
Processed 2499 items
Processed 1728 items
Processed 1733 items
Processed 2109 items
Processed 2119 items
Processed 2490 items
Processed 2501 items
Processed 1730 items
Processed 1735 items
Processed 2112 items
Processed 2120 items
Processed 2493 items
Processed 2504 items
Processed 1740 items
Processed 1745 items
Processed 2121 items
Processed 2130 items
Processed 2503 items
Processed 2514 items
Processed 1736 items
Processed 1741 items
Processed 2117 items
Processed 2126 items
Processed 2500 items
Processed 2510 items
Processed 1734 items
Processed 1739 items
Processed 2115 items
Processed 2124 items
Processed 2497 items
Processed 2508 items
Processed 1732 items
Processed 1737 items
Processed 2113 items
Processed 2122 items
Processed 2494 items
Processed 2505 items
Processed 1738 items
Processed 1743 items
Processed 2118 items
Processed 2128 items
Processed 2502 items
Processed 2512 items
Processed 1671 items
Processed 1678 items
Processed 2054 items
Processed 2064 items
Processed 2440 items
Processed 2449 items
Processed 1746 items
Processed 1751 items
Processed 2127 items
Processed 2135 items
Processed 2509 items
Processed 2517 items
Processed 1752 items
Processed 1757 items
Processed 2133 items
Processed 2142 items
Processed 2515 items
Processed 2526 items
Processed 1750 items
Processed 1755 items
Processed 2131 items
Processed 2140 items
Processed 2513 items
Processed 2523 items
Processed 1748 items
Processed 1753 items
Processed 2129 items
Processed 2138 items
Processed 2511 items
Processed 2522 items
Processed 1754 items
Processed 1759 items
Processed 2136 items
Processed 2145 items
Processed 2519 items
Processed 2529 items
Processed 1760 items
Processed 1766 items
Processed 2141 items
Processed 2151 items
Processed 2524 items
Processed 2534 items
Processed 1744 items
Processed 1749 items
Processed 2125 items
Processed 2134 items
Processed 2507 items
Processed 2520 items
Processed 1756 items
Processed 1762 items
Processed 2137 items
Processed 2143 items
Processed 2518 items
Processed 2528 items
Processed 1758 items
Processed 1764 items
Processed 2139 items
Processed 2149 items
Processed 2521 items
Processed 2532 items
Processed 1761 items
Processed 1767 items
Processed 2144 items
Processed 2153 items
Processed 2525 items
Processed 2537 items
Processed 1765 items
Processed 1771 items
Processed 2147 items
Processed 2157 items
Processed 2530 items
Processed 2540 items
Processed 1763 items
Processed 1770 items
Processed 2146 items
Processed 2155 items
Processed 2527 items
Processed 2538 items
Processed 1769 items
Processed 1775 items
Processed 2150 items
Processed 2161 items
Processed 2533 items
Processed 2546 items
Processed 1768 items
Processed 1773 items
Processed 2148 items
Processed 2159 items
Processed 2531 items
Processed 2543 items
Processed 1667 items
Processed 1672 items
Processed 2045 items
Processed 2057 items
Processed 2432 items
Processed 2439 items
Processed 1657 items
Processed 1664 items
Processed 2039 items
Processed 2049 items
Processed 2423 items
Processed 2429 items
Processed 1700 items
Processed 1706 items
Processed 2081 items
Processed 2091 items
Processed 2463 items
Processed 2474 items
Processed 1701 items
Processed 1707 items
Processed 2082 items
Processed 2093 items
Processed 2465 items
Processed 2476 items
Processed 1602 items
Processed 1607 items
Processed 1982 items
Processed 1994 items
Processed 2366 items
Processed 2376 items
Processed 2750 items
Processed 2758 items
Processed 1709 items
Processed 1715 items
Processed 2090 items
Processed 2099 items
Processed 2475 items
Processed 2484 items
Processed 2776 items
Processed 2777 items
Processed 3014 items
Processed 3019 items
Processed 3396 items
Processed 3403 items
Processed 3782 items
Processed 3785 items
Processed 3018 items
Processed 3023 items
Processed 3399 items
Processed 3408 items
Processed 3786 items
Processed 3789 items
Processed 3020 items
Processed 3025 items
Processed 3401 items
Processed 3410 items
Processed 3787 items
Processed 3791 items
Processed 3028 items
Processed 3032 items
Processed 3407 items
Processed 3416 items
Processed 3793 items
Processed 3799 items
Processed 3024 items
Processed 3029 items
Processed 3405 items
Processed 3412 items
Processed 3790 items
Processed 3794 items
Processed 3016 items
Processed 3021 items
Processed 3397 items
Processed 3406 items
Processed 3784 items
Processed 3788 items
Processed 3026 items
Processed 3031 items
Processed 3409 items
Processed 3417 items
Processed 3795 items
Processed 3800 items
Processed 3013 items
Processed 3017 items
Processed 3392 items
Processed 3402 items
Processed 3780 items
Processed 3783 items
Processed 3022 items
Processed 3027 items
Processed 3404 items
Processed 3413 items
Processed 3792 items
Processed 3796 items
Processed 3030 items
Processed 3035 items
Processed 3411 items
Processed 3418 items
Processed 3797 items
Processed 3802 items
Processed 3034 items
Processed 3038 items
Processed 3415 items
Processed 3420 items
Processed 3798 items
Processed 3804 items
Processed 3036 items
Processed 3041 items
Processed 3419 items
Processed 3425 items
Processed 3803 items
Processed 3809 items
Processed 3033 items
Processed 3037 items
Processed 3414 items
Processed 3421 items
Processed 3801 items
Processed 3807 items
Processed 3042 items
Processed 3047 items
Processed 3424 items
Processed 3431 items
Processed 3808 items
Processed 3814 items
Processed 3039 items
Processed 3043 items
Processed 3422 items
Processed 3428 items
Processed 3805 items
Processed 3810 items
Processed 3040 items
Processed 3045 items
Processed 3423 items
Processed 3430 items
Processed 3806 items
Processed 3812 items
Processed 3048 items
Processed 3053 items
Processed 3429 items
Processed 3437 items
Processed 3815 items
Processed 3820 items
Processed 3044 items
Processed 3049 items
Processed 3426 items
Processed 3433 items
Processed 3811 items
Processed 3816 items
Processed 3046 items
Processed 3051 items
Processed 3427 items
Processed 3435 items
Processed 3813 items
Processed 3818 items
Processed 3050 items
Processed 3055 items
Processed 3432 items
Processed 3438 items
Processed 3817 items
Processed 3822 items
Processed 3052 items
Processed 3056 items
Processed 3434 items
Processed 3441 items
Processed 3819 items
Processed 3824 items
Processed 4164 items
Processed 4165 items
Processed 4400 items
Processed 4405 items
Processed 4781 items
Processed 4792 items
Processed 5165 items
Processed 5172 items
Processed 4402 items
Processed 4407 items
Processed 4784 items
Processed 4794 items
Processed 5167 items
Processed 5175 items
Processed 4404 items
Processed 4409 items
Processed 4787 items
Processed 4796 items
Processed 5169 items
Processed 5177 items
Processed 4406 items
Processed 4411 items
Processed 4789 items
Processed 4797 items
Processed 5170 items
Processed 5179 items
Processed 4410 items
Processed 4415 items
Processed 4791 items
Processed 4800 items
Processed 5173 items
Processed 5182 items
Processed 4408 items
Processed 4413 items
Processed 4790 items
Processed 4799 items
Processed 5174 items
Processed 5183 items
Processed 4412 items
Processed 4417 items
Processed 4793 items
Processed 4802 items
Processed 5176 items
Processed 5186 items
Processed 4418 items
Processed 4424 items
Processed 4801 items
Processed 4810 items
Processed 5181 items
Processed 5191 items
Processed 4414 items
Processed 4419 items
Processed 4795 items
Processed 4804 items
Processed 5178 items
Processed 5188 items
Processed 4416 items
Processed 4422 items
Processed 4798 items
Processed 4807 items
Processed 5180 items
Processed 5189 items
Processed 4420 items
Processed 4427 items
Processed 4805 items
Processed 4814 items
Processed 5185 items
Processed 5194 items
Processed 4425 items
Processed 4431 items
Processed 4808 items
Processed 4817 items
Processed 5190 items
Processed 5198 items
Processed 4428 items
Processed 4433 items
Processed 4809 items
Processed 4819 items
Processed 5193 items
Processed 5201 items
Processed 4421 items
Processed 4426 items
Processed 4803 items
Processed 4811 items
Processed 5184 items
Processed 5192 items
Processed 4430 items
Processed 4435 items
Processed 4812 items
Processed 4821 items
Processed 5195 items
Processed 5203 items
Processed 4432 items
Processed 4437 items
Processed 4813 items
Processed 4822 items
Processed 5197 items
Processed 5206 items
Processed 4434 items
Processed 4439 items
Processed 4816 items
Processed 4824 items
Processed 5199 items
Processed 5207 items
Processed 4436 items
Processed 4441 items
Processed 4818 items
Processed 4826 items
Processed 5200 items
Processed 5210 items
Processed 4438 items
Processed 4443 items
Processed 4820 items
Processed 4828 items
Processed 5202 items
Processed 5212 items
Processed 4440 items
Processed 4445 items
Processed 4823 items
Processed 4830 items
Processed 5204 items
Processed 5213 items
Processed 4442 items
Processed 4447 items
Processed 4825 items
Processed 4832 items
Processed 5205 items
Processed 5215 items
Processed 4452 items
Processed 4456 items
Processed 4835 items
Processed 4845 items
Processed 5216 items
Processed 5225 items
Processed 4446 items
Processed 4451 items
Processed 4829 items
Processed 4837 items
Processed 5209 items
Processed 5219 items
Processed 4448 items
Processed 4453 items
Processed 4831 items
Processed 4840 items
Processed 5211 items
Processed 5222 items
Processed 4444 items
Processed 4449 items
Processed 4827 items
Processed 4834 items
Processed 5208 items
Processed 5217 items
Processed 4423 items
Processed 4429 items
Processed 4806 items
Processed 4815 items
Processed 5187 items
Processed 5196 items
Processed 4528 items
Processed 4533 items
Processed 4909 items
Processed 4917 items
Processed 5290 items
Processed 5299 items
Processed 4524 items
Processed 4529 items
Processed 4906 items
Processed 4916 items
Processed 5288 items
Processed 5297 items
Processed 4527 items
Processed 4531 items
Processed 4908 items
Processed 4919 items
Processed 5292 items
Processed 5301 items
Processed 4534 items
Processed 4537 items
Processed 4914 items
Processed 4926 items
Processed 5296 items
Processed 5306 items
Processed 4532 items
Processed 4538 items
Processed 4915 items
Processed 4927 items
Processed 5298 items
Processed 5307 items
Processed 4530 items
Processed 4535 items
Processed 4911 items
Processed 4922 items
Processed 5293 items
Processed 5302 items
Processed 4539 items
Processed 4543 items
Processed 4920 items
Processed 4930 items
Processed 5303 items
Processed 5315 items
Processed 4546 items
Processed 4553 items
Processed 4924 items
Processed 4933 items
Processed 5304 items
Processed 5311 items
Processed 4536 items
Processed 4540 items
Processed 4918 items
Processed 4928 items
Processed 5300 items
Processed 5309 items
Processed 4541 items
Processed 4545 items
Processed 4921 items
Processed 4932 items
Processed 5305 items
Processed 5312 items
Processed 4522 items
Processed 4526 items
Processed 4904 items
Processed 4913 items
Processed 5287 items
Processed 5295 items
Processed 4542 items
Processed 4547 items
Processed 4923 items
Processed 4936 items
Processed 5310 items
Processed 5321 items
Processed 4544 items
Processed 4550 items
Processed 4925 items
Processed 4934 items
Processed 5308 items
Processed 5318 items
Processed 5552 items
Processed 5553 items
Processed 5795 items
Processed 5799 items
Processed 6174 items
Processed 6182 items
Processed 6557 items
Processed 6561 items
Processed 5790 items
Processed 5794 items
Processed 6171 items
Processed 6181 items
Processed 6559 items
Processed 6566 items
Processed 5788 items
Processed 5793 items
Processed 6170 items
Processed 6179 items
Processed 6555 items
Processed 6562 items
Processed 5797 items
Processed 5802 items
Processed 6180 items
Processed 6189 items
Processed 6565 items
Processed 6572 items
Processed 5792 items
Processed 5796 items
Processed 6175 items
Processed 6183 items
Processed 6563 items
Processed 6568 items
Processed 5798 items
Processed 5801 items
Processed 6177 items
Processed 6188 items
Processed 6564 items
Processed 6570 items
Processed 5803 items
Processed 5808 items
Processed 6186 items
Processed 6196 items
Processed 6571 items
Processed 6578 items
Processed 5804 items
Processed 5807 items
Processed 6185 items
Processed 6195 items
Processed 6569 items
Processed 6575 items
Processed 5800 items
Processed 5805 items
Processed 6184 items
Processed 6193 items
Processed 6567 items
Processed 6573 items
Processed 5809 items
Processed 5813 items
Processed 6190 items
Processed 6201 items
Processed 6576 items
Processed 6582 items
Processed 5812 items
Processed 5817 items
Processed 6191 items
Processed 6204 items
Processed 6577 items
Processed 6584 items
Processed 5806 items
Processed 5811 items
Processed 6187 items
Processed 6199 items
Processed 6574 items
Processed 6580 items
Processed 5810 items
Processed 5815 items
Processed 6192 items
Processed 6205 items
Processed 6579 items
Processed 6585 items
Processed 5818 items
Processed 5823 items
Processed 6197 items
Processed 6209 items
Processed 6583 items
Processed 6590 items
Processed 5816 items
Processed 5821 items
Processed 6198 items
Processed 6208 items
Processed 6586 items
Processed 6592 items
Processed 5820 items
Processed 5825 items
Processed 6200 items
Processed 6212 items
Processed 6587 items
Processed 6594 items
Processed 5814 items
Processed 5819 items
Processed 6194 items
Processed 6207 items
Processed 6581 items
Processed 6589 items
Processed 5824 items
Processed 5829 items
Processed 6203 items
Processed 6213 items
Processed 6588 items
Processed 6596 items
Processed 5827 items
Processed 5831 items
Processed 6206 items
Processed 6218 items
Processed 6593 items
Processed 6600 items
Processed 5822 items
Processed 5826 items
Processed 6202 items
Processed 6215 items
Processed 6591 items
Processed 6599 items
Processed 5832 items
Processed 5836 items
Processed 6214 items
Processed 6222 items
Processed 6597 items
Processed 6604 items
Processed 5828 items
Processed 5833 items
Processed 6210 items
Processed 6220 items
Processed 6595 items
Processed 6602 items
Processed 5840 items
Processed 5845 items
Processed 6221 items
Processed 6232 items
Processed 6607 items
Processed 6611 items
Processed 5835 items
Processed 5839 items
Processed 6216 items
Processed 6226 items
Processed 6601 items
Processed 6608 items
Processed 5837 items
Processed 5841 items
Processed 6217 items
Processed 6228 items
Processed 6605 items
Processed 6612 items
Processed 5867 items
Processed 5870 items
Processed 6247 items
Processed 6258 items
Processed 6633 items
Processed 6640 items
Processed 6941 items
Processed 6942 items
Processed 7177 items
Processed 7182 items
Processed 7560 items
Processed 7568 items
Processed 7946 items
Processed 7950 items
Processed 7183 items
Processed 7187 items
Processed 7565 items
Processed 7573 items
Processed 7951 items
Processed 7957 items
Processed 7181 items
Processed 7186 items
Processed 7564 items
Processed 7569 items
Processed 7947 items
Processed 7953 items
Processed 7179 items
Processed 7184 items
Processed 7563 items
Processed 7570 items
Processed 7949 items
Processed 7956 items
Processed 7185 items
Processed 7190 items
Processed 7567 items
Processed 7575 items
Processed 7952 items
Processed 7960 items
Processed 7188 items
Processed 7192 items
Processed 7571 items
Processed 7577 items
Processed 7954 items
Processed 7962 items
Processed 7193 items
Processed 7198 items
Processed 7576 items
Processed 7583 items
Processed 7959 items
Processed 7967 items
Processed 7189 items
Processed 7194 items
Processed 7572 items
Processed 7579 items
Processed 7955 items
Processed 7963 items
Processed 7195 items
Processed 7200 items
Processed 7578 items
Processed 7585 items
Processed 7961 items
Processed 7969 items
Processed 7191 items
Processed 7196 items
Processed 7574 items
Processed 7581 items
Processed 7958 items
Processed 7966 items
Processed 7197 items
Processed 7202 items
Processed 7580 items
Processed 7587 items
Processed 7964 items
Processed 7970 items
Processed 7199 items
Processed 7204 items
Processed 7582 items
Processed 7589 items
Processed 7965 items
Processed 7973 items
Processed 7203 items
Processed 7208 items
Processed 7586 items
Processed 7593 items
Processed 7971 items
Processed 7977 items
Processed 7201 items
Processed 7206 items
Processed 7584 items
Processed 7592 items
Processed 7968 items
Processed 7975 items
Processed 7205 items
Processed 7210 items
Processed 7588 items
Processed 7595 items
Processed 7972 items
Processed 7980 items
Processed 7211 items
Processed 7215 items
Processed 7594 items
Processed 7598 items
Processed 7976 items
Processed 7985 items
Processed 7207 items
Processed 7212 items
Processed 7590 items
Processed 7596 items
Processed 7974 items
Processed 7982 items
Processed 7209 items
Processed 7214 items
Processed 7591 items
Processed 7600 items
Processed 7978 items
Processed 7986 items
Processed 7213 items
Processed 7217 items
Processed 7597 items
Processed 7603 items
Processed 7979 items
Processed 7988 items
Processed 7216 items
Processed 7220 items
Processed 7599 items
Processed 7607 items
Processed 7981 items
Processed 7990 items
Processed 7225 items
Processed 7229 items
Processed 7605 items
Processed 7611 items
Processed 7987 items
Processed 7996 items
Processed 7219 items
Processed 7224 items
Processed 7602 items
Processed 7610 items
Processed 7984 items
Processed 7994 items
Processed 7221 items
Processed 7226 items
Processed 7604 items
Processed 7614 items
Processed 7989 items
Processed 7999 items
Processed 8330 items
Processed 8331 items
Processed 8566 items
Processed 8571 items
Processed 8948 items
Processed 8957 items
Processed 9332 items
Processed 9341 items
Processed 8572 items
Processed 8578 items
Processed 8954 items
Processed 8962 items
Processed 9338 items
Processed 9347 items
Processed 8570 items
Processed 8575 items
Processed 8953 items
Processed 8960 items
Processed 9335 items
Processed 9345 items
Processed 8574 items
Processed 8579 items
Processed 8956 items
Processed 8965 items
Processed 9339 items
Processed 9349 items
Processed 8577 items
Processed 8583 items
Processed 8961 items
Processed 8969 items
Processed 9344 items
Processed 9353 items
Processed 8582 items
Processed 8587 items
Processed 8964 items
Processed 8973 items
Processed 9348 items
Processed 9356 items
Processed 8576 items
Processed 8581 items
Processed 8958 items
Processed 8967 items
Processed 9342 items
Processed 9351 items
Processed 8580 items
Processed 8585 items
Processed 8963 items
Processed 8970 items
Processed 9346 items
Processed 9355 items
Processed 8584 items
Processed 8589 items
Processed 8966 items
Processed 8974 items
Processed 9350 items
Processed 9360 items
Processed 8588 items
Processed 8593 items
Processed 8971 items
Processed 8980 items
Processed 9354 items
Processed 9362 items
Processed 8568 items
Processed 8573 items
Processed 8950 items
Processed 8959 items
Processed 9334 items
Processed 9343 items
Processed 8586 items
Processed 8591 items
Processed 8968 items
Processed 8976 items
Processed 9352 items
Processed 9361 items
Processed 8594 items
Processed 8599 items
Processed 8977 items
Processed 8985 items
Processed 9358 items
Processed 9365 items
Processed 8563 items
Processed 8567 items
Processed 8944 items
Processed 8951 items
Processed 9327 items
Processed 9337 items
Processed 9711 items
Processed 9717 items
Processed 8596 items
Processed 8601 items
Processed 8978 items
Processed 8986 items
Processed 9363 items
Processed 9370 items
Processed 8592 items
Processed 8597 items
Processed 8975 items
Processed 8983 items
Processed 9359 items
Processed 9368 items
Processed 8598 items
Processed 8603 items
Processed 8979 items
Processed 8988 items
Processed 9364 items
Processed 9372 items
Processed 8602 items
Processed 8607 items
Processed 8984 items
Processed 8992 items
Processed 9369 items
Processed 9377 items
Processed 8600 items
Processed 8605 items
Processed 8982 items
Processed 8990 items
Processed 9366 items
Processed 9374 items
Processed 8604 items
Processed 8609 items
Processed 8987 items
Processed 8994 items
Processed 9371 items
Processed 9379 items
Processed 8610 items
Processed 8615 items
Processed 8993 items
Processed 9000 items
Processed 9376 items
Processed 9385 items
Processed 8612 items
Processed 8618 items
Processed 8995 items
Processed 9002 items
Processed 9378 items
Processed 9388 items
Processed 8608 items
Processed 8613 items
Processed 8991 items
Processed 8998 items
Processed 9375 items
Processed 9384 items
Processed 9720 items
Processed 9721 items
Processed 9956 items
Processed 9961 items
Processed 10339 items
Processed 10347 items
Processed 10724 items
Processed 10727 items
Processed 9958 items
Processed 9963 items
Processed 10340 items
Processed 10349 items
Processed 10726 items
Processed 10730 items
Processed 9960 items
Processed 9965 items
Processed 10342 items
Processed 10351 items
Processed 10728 items
Processed 10732 items
Processed 9962 items
Processed 9967 items
Processed 10344 items
Processed 10353 items
Processed 10729 items
Processed 10734 items
Processed 9970 items
Processed 9975 items
Processed 10352 items
Processed 10360 items
Processed 10736 items
Processed 10740 items
Processed 9966 items
Processed 9971 items
Processed 10348 items
Processed 10358 items
Processed 10733 items
Processed 10739 items
Processed 9964 items
Processed 9969 items
Processed 10346 items
Processed 10356 items
Processed 10731 items
Processed 10735 items
Processed 9972 items
Processed 9977 items
Processed 10354 items
Processed 10363 items
Processed 10738 items
Processed 10743 items
Processed 9974 items
Processed 9979 items
Processed 10355 items
Processed 10365 items
Processed 10741 items
Processed 10745 items
Processed 9976 items
Processed 9981 items
Processed 10357 items
Processed 10366 items
Processed 10744 items
Processed 10747 items
Processed 9982 items
Processed 9987 items
Processed 10364 items
Processed 10372 items
Processed 10749 items
Processed 10751 items
Processed 9980 items
Processed 9985 items
Processed 10361 items
Processed 10369 items
Processed 10748 items
Processed 10753 items
Processed 9978 items
Processed 9983 items
Processed 10359 items
Processed 10368 items
Processed 10746 items
Processed 10750 items
Processed 9984 items
Processed 9989 items
Processed 10367 items
Processed 10374 items
Processed 10752 items
Processed 10755 items
Processed 9988 items
Processed 9993 items
Processed 10371 items
Processed 10379 items
Processed 10756 items
Processed 10760 items
Processed 9968 items
Processed 9973 items
Processed 10350 items
Processed 10362 items
Processed 10737 items
Processed 10742 items
Processed 9986 items
Processed 9991 items
Processed 10370 items
Processed 10377 items
Processed 10754 items
Processed 10758 items
Processed 9994 items
Processed 9999 items
Processed 10375 items
Processed 10382 items
Processed 10757 items
Processed 10761 items
Processed 9990 items
Processed 9995 items
Processed 10373 items
Processed 10381 items
Processed 10759 items
Processed 10764 items
Processed 9992 items
Processed 9997 items
Processed 10376 items
Processed 10384 items
Processed 10762 items
Processed 10766 items
Processed 9996 items
Processed 10001 items
Processed 10378 items
Processed 10386 items
Processed 10763 items
Processed 10768 items
Processed 10002 items
Processed 10007 items
Processed 10385 items
Processed 10390 items
Processed 10767 items
Processed 10772 items
Processed 9998 items
Processed 10003 items
Processed 10380 items
Processed 10388 items
Processed 10765 items
Processed 10770 items
Processed 10010 items
Processed 10015 items
Processed 10393 items
Processed 10400 items
Processed 10776 items
Processed 10784 items
Processed 10008 items
Processed 10013 items
Processed 10392 items
Processed 10398 items
Processed 10775 items
Processed 10781 items
Processed 10004 items
Processed 10009 items
Processed 10387 items
Processed 10394 items
Processed 10771 items
Processed 10777 items
Processed 10006 items
Processed 10011 items
Processed 10389 items
Processed 10397 items
Processed 10773 items
Processed 10779 items
Processed 10000 items
Processed 10005 items
Processed 10383 items
Processed 10391 items
Processed 10769 items
Processed 10774 items
Processed 11109 items
Processed 11110 items
Processed 11344 items
Processed 11347 items
Processed 11726 items
Processed 11733 items
Processed 12110 items
Processed 12117 items
Processed 11349 items
Processed 11351 items
Processed 11729 items
Processed 11736 items
Processed 12111 items
Processed 12119 items
Processed 11353 items
Processed 11356 items
Processed 11735 items
Processed 11743 items
Processed 12118 items
Processed 12125 items
Processed 11350 items
Processed 11354 items
Processed 11731 items
Processed 11738 items
Processed 12113 items
Processed 12121 items
Processed 11352 items
Processed 11355 items
Processed 11734 items
Processed 11741 items
Processed 12116 items
Processed 12123 items
Processed 11357 items
Processed 11360 items
Processed 11737 items
Processed 11745 items
Processed 12120 items
Processed 12127 items
Processed 11358 items
Processed 11362 items
Processed 11739 items
Processed 11748 items
Processed 12124 items
Processed 12130 items
Processed 11361 items
Processed 11364 items
Processed 11742 items
Processed 11747 items
Processed 12122 items
Processed 12129 items
Processed 11359 items
Processed 11363 items
Processed 11740 items
Processed 11749 items
Processed 12126 items
Processed 12133 items
Processed 11368 items
Processed 11371 items
Processed 11751 items
Processed 11758 items
Processed 12135 items
Processed 12141 items
Processed 11366 items
Processed 11370 items
Processed 11746 items
Processed 11754 items
Processed 12131 items
Processed 12136 items
Processed 11365 items
Processed 11367 items
Processed 11744 items
Processed 11752 items
Processed 12128 items
Processed 12134 items
Processed 11369 items
Processed 11371 items
Processed 11750 items
Processed 11755 items
Processed 12132 items
Processed 12139 items
Processed 11372 items
Processed 11374 items
Processed 11753 items
Processed 11760 items
Processed 12137 items
Processed 12144 items
Processed 11373 items
Processed 11375 items
Processed 11756 items
Processed 11763 items
Processed 12140 items
Processed 12147 items
Processed 11378 items
Processed 11381 items
Processed 11759 items
Processed 11764 items
Processed 12143 items
Processed 12150 items
Processed 11377 items
Processed 11382 items
Processed 11761 items
Processed 11766 items
Processed 12145 items
Processed 12153 items
Processed 11380 items
Processed 11385 items
Processed 11765 items
Processed 11769 items
Processed 12146 items
Processed 12155 items
Processed 11384 items
Processed 11388 items
Processed 11768 items
Processed 11773 items
Processed 12149 items
Processed 12159 items
Processed 11383 items
Processed 11386 items
Processed 11767 items
Processed 11770 items
Processed 12148 items
Processed 12157 items
Processed 11391 items
Processed 11394 items
Processed 11776 items
Processed 11778 items
Processed 12154 items
Processed 12165 items
Processed 11389 items
Processed 11392 items
Processed 11772 items
Processed 11775 items
Processed 12152 items
Processed 12162 items
Processed 11387 items
Processed 11390 items
Processed 11771 items
Processed 11774 items
Processed 12151 items
Processed 12160 items
Processed 11402 items
Processed 11405 items
Processed 11784 items
Processed 11788 items
Processed 12163 items
Processed 12169 items
Processed 11395 items
Processed 11398 items
Processed 11779 items
Processed 11783 items
Processed 12158 items
Processed 12167 items
Processed 11396 items
Processed 11400 items
Processed 11781 items
Processed 11785 items
Processed 12161 items
Processed 12171 items
Processed 11376 items
Processed 11379 items
Processed 11757 items
Processed 11762 items
Processed 12138 items
Processed 12142 items
Processed 11401 items
Processed 11406 items
Processed 11786 items
Processed 11790 items
Processed 12168 items
Processed 12176 items
Processed 11393 items
Processed 11397 items
Processed 11777 items
Processed 11780 items
Processed 12156 items
Processed 12166 items
Processed 12497 items
Processed 12498 items
Processed 12741 items
Processed 12747 items
Processed 13122 items
Processed 13128 items
Processed 13503 items
Processed 13513 items
Processed 12733 items
Processed 12739 items
Processed 13115 items
Processed 13123 items
Processed 13497 items
Processed 13508 items
Processed 12745 items
Processed 12751 items
Processed 13127 items
Processed 13132 items
Processed 13506 items
Processed 13514 items
Processed 12735 items
Processed 12742 items
Processed 13119 items
Processed 13125 items
Processed 13501 items
Processed 13511 items
Processed 12738 items
Processed 12744 items
Processed 13121 items
Processed 13129 items
Processed 13504 items
Processed 13516 items
Processed 12746 items
Processed 12753 items
Processed 13130 items
Processed 13140 items
Processed 13512 items
Processed 13523 items
Processed 12736 items
Processed 12740 items
Processed 13116 items
Processed 13124 items
Processed 13499 items
Processed 13509 items
Processed 12743 items
Processed 12749 items
Processed 13126 items
Processed 13135 items
Processed 13507 items
Processed 13519 items
Processed 12748 items
Processed 12755 items
Processed 13131 items
Processed 13138 items
Processed 13510 items
Processed 13521 items
Processed 12750 items
Processed 12757 items
Processed 13133 items
Processed 13142 items
Processed 13515 items
Processed 13526 items
Processed 12759 items
Processed 12764 items
Processed 13139 items
Processed 13149 items
Processed 13522 items
Processed 13532 items
Processed 12752 items
Processed 12758 items
Processed 13134 items
Processed 13143 items
Processed 13517 items
Processed 13527 items
Processed 12754 items
Processed 12761 items
Processed 13137 items
Processed 13146 items
Processed 13520 items
Processed 13531 items
Processed 12762 items
Processed 12766 items
Processed 13141 items
Processed 13151 items
Processed 13524 items
Processed 13534 items
Processed 12756 items
Processed 12760 items
Processed 13136 items
Processed 13145 items
Processed 13518 items
Processed 13529 items
Processed 12763 items
Processed 12768 items
Processed 13144 items
Processed 13153 items
Processed 13525 items
Processed 13535 items
Processed 12771 items
Processed 12775 items
Processed 13150 items
Processed 13159 items
Processed 13533 items
Processed 13543 items
Processed 12767 items
Processed 12772 items
Processed 13148 items
Processed 13156 items
Processed 13530 items
Processed 13541 items
Processed 12769 items
Processed 12776 items
Processed 13152 items
Processed 13160 items
Processed 13536 items
Processed 13545 items
Processed 12773 items
Processed 12779 items
Processed 13154 items
Processed 13163 items
Processed 13537 items
Processed 13547 items
Processed 12765 items
Processed 12770 items
Processed 13147 items
Processed 13155 items
Processed 13528 items
Processed 13538 items
Processed 12778 items
Processed 12785 items
Processed 13161 items
Processed 13169 items
Processed 13540 items
Processed 13548 items
Processed 12799 items
Processed 12804 items
Processed 13179 items
Processed 13188 items
Processed 13562 items
Processed 13572 items
Processed 12781 items
Processed 12787 items
Processed 13162 items
Processed 13170 items
Processed 13544 items
Processed 13555 items
Processed 12777 items
Processed 12782 items
Processed 13158 items
Processed 13166 items
Processed 13542 items
Processed 13552 items
Processed 12786 items
Processed 12792 items
Processed 13168 items
Processed 13178 items
Processed 13550 items
Processed 13560 items
Processed 12847 items
Processed 12852 items
Processed 13228 items
Processed 13236 items
Processed 13610 items
Processed 13621 items
Processed 12783 items
Processed 12789 items
Processed 13167 items
Processed 13176 items
Processed 13549 items
Processed 13559 items
Processed 12795 items
Processed 12800 items
Processed 13175 items
Processed 13183 items
Processed 13556 items
Processed 13567 items
Processed 12793 items
Processed 12798 items
Processed 13173 items
Processed 13185 items
Processed 13558 items
Processed 13569 items
Processed 12774 items
Processed 12780 items
Processed 13157 items
Processed 13164 items
Processed 13539 items
Processed 13551 items
Processed 12805 items
Processed 12811 items
Processed 13186 items
Processed 13195 items
Processed 13568 items
Processed 13578 items
Processed 12809 items
Processed 12814 items
Processed 13191 items
Processed 13199 items
Processed 13573 items
Processed 13582 items
Processed 12810 items
Processed 12817 items
Processed 13193 items
Processed 13202 items
Processed 13577 items
Processed 13586 items
Processed 12655 items
Processed 12661 items
Processed 13038 items
Processed 13046 items
Processed 13421 items
Processed 13431 items
Processed 13808 items
Processed 13816 items
Processed 12812 items
Processed 12819 items
Processed 13196 items
Processed 13204 items
Processed 13579 items
Processed 13588 items
Processed 12815 items
Processed 12821 items
Processed 13194 items
Processed 13200 items
Processed 13575 items
Processed 13584 items
Processed 12816 items
Processed 12823 items
Processed 13198 items
Processed 13207 items
Processed 13581 items
Processed 13590 items
Processed 12818 items
Processed 12825 items
Processed 13201 items
Processed 13209 items
Processed 13583 items
Processed 13592 items
Processed 12820 items
Processed 12826 items
Processed 13203 items
Processed 13210 items
Processed 13585 items
Processed 13593 items
Processed 12827 items
Processed 12833 items
Processed 13208 items
Processed 13215 items
Processed 13589 items
Processed 13595 items
Processed 12822 items
Processed 12828 items
Processed 13205 items
Processed 13212 items
Processed 13587 items
Processed 13596 items
Processed 12829 items
Processed 12834 items
Processed 13211 items
Processed 13219 items
Processed 13594 items
Processed 13602 items
Processed 12832 items
Processed 12839 items
Processed 13216 items
Processed 13223 items
Processed 13599 items
Processed 13607 items
Processed 12835 items
Processed 12840 items
Processed 13217 items
Processed 13226 items
Processed 13601 items
Processed 13612 items
Processed 12831 items
Processed 12836 items
Processed 13213 items
Processed 13220 items
Processed 13597 items
Processed 13604 items
Processed 12824 items
Processed 12830 items
Processed 13206 items
Processed 13214 items
Processed 13591 items
Processed 13598 items
Processed 12838 items
Processed 12844 items
Processed 13221 items
Processed 13230 items
Processed 13603 items
Processed 13613 items
Processed 12841 items
Processed 12846 items
Processed 13222 items
Processed 13231 items
Processed 13605 items
Processed 13616 items
Processed 12845 items
Processed 12850 items
Processed 13227 items
Processed 13235 items
Processed 13608 items
Processed 13619 items
Processed 12864 items
Processed 12868 items
Processed 13245 items
Processed 13253 items
Processed 13627 items
Processed 13635 items
Processed 12861 items
Processed 12865 items
Processed 13243 items
Processed 13250 items
Processed 13625 items
Processed 13633 items
Processed 12867 items
Processed 12872 items
Processed 13248 items
Processed 13255 items
Processed 13630 items
Processed 13636 items
Processed 12859 items
Processed 12863 items
Processed 13241 items
Processed 13249 items
Processed 13623 items
Processed 13632 items
Processed 12857 items
Processed 12862 items
Processed 13239 items
Processed 13246 items
Processed 13620 items
Processed 13631 items
Processed 12855 items
Processed 12860 items
Processed 13237 items
Processed 13244 items
Processed 13618 items
Processed 13628 items
Processed 12843 items
Processed 12848 items
Processed 13224 items
Processed 13232 items
Processed 13606 items
Processed 13617 items
Processed 12869 items
Processed 12874 items
Processed 13251 items
Processed 13258 items
Processed 13634 items
Processed 13642 items
Processed 12849 items
Processed 12853 items
Processed 13229 items
Processed 13238 items
Processed 13611 items
Processed 13622 items
Processed 12851 items
Processed 12856 items
Processed 13233 items
Processed 13240 items
Processed 13614 items
Processed 13624 items
Processed 12854 items
Processed 12858 items
Processed 13234 items
Processed 13242 items
Processed 13615 items
Processed 13626 items
Processed 12866 items
Processed 12870 items
Processed 13247 items
Processed 13254 items
Processed 13629 items
Processed 13639 items
Processed 12871 items
Processed 12876 items
Processed 13252 items
Processed 13260 items
Processed 13637 items
Processed 13645 items
Processed 12873 items
Processed 12878 items
Processed 13256 items
Processed 13262 items
Processed 13638 items
Processed 13643 items
Processed 12875 items
Processed 12880 items
Processed 13257 items
Processed 13264 items
Processed 13640 items
Processed 13648 items
Processed 12877 items
Processed 12883 items
Processed 13259 items
Processed 13267 items
Processed 13641 items
Processed 13651 items
Processed 12879 items
Processed 12884 items
Processed 13261 items
Processed 13269 items
Processed 13644 items
Processed 13653 items
Processed 12790 items
Processed 12794 items
Processed 13171 items
Processed 13180 items
Processed 13553 items
Processed 13563 items
Processed 12784 items
Processed 12788 items
Processed 13165 items
Processed 13174 items
Processed 13546 items
Processed 13557 items
Processed 12791 items
Processed 12797 items
Processed 13172 items
Processed 13181 items
Processed 13554 items
Processed 13565 items
Processed 12796 items
Processed 12802 items
Processed 13177 items
Processed 13187 items
Processed 13561 items
Processed 13571 items
Processed 12801 items
Processed 12806 items
Processed 13182 items
Processed 13190 items
Processed 13564 items
Processed 13574 items
Processed 12808 items
Processed 12813 items
Processed 13189 items
Processed 13197 items
Processed 13570 items
Processed 13580 items
Processed 12837 items
Processed 12842 items
Processed 13218 items
Processed 13225 items
Processed 13600 items
Processed 13609 items
Processed 12693 items
Processed 12698 items
Processed 13072 items
Processed 13085 items
Processed 13457 items
Processed 13467 items
Processed 13841 items
Processed 13850 items
Processed 12697 items
Processed 12702 items
Processed 13077 items
Processed 13088 items
Processed 13461 items
Processed 13468 items
Processed 13843 items
Processed 13852 items
Processed 12803 items
Processed 12807 items
Processed 13184 items
Processed 13192 items
Processed 13566 items
Processed 13576 items
Processed 12721 items
Processed 12726 items
Processed 13101 items
Processed 13111 items
Processed 13487 items
Processed 13498 items
Processed 13875 items
Processed 13881 items
Processed 12723 items
Processed 12728 items
Processed 13103 items
Processed 13110 items
Processed 13485 items
Processed 13495 items
Processed 13870 items
Processed 13877 items
Processed 12731 items
Processed 12737 items
Processed 13105 items
Processed 13114 items
Processed 13488 items
Processed 13496 items
Processed 13873 items
Processed 13879 items
Processed 12727 items
Processed 12732 items
Processed 13108 items
Processed 13117 items
Processed 13491 items
Processed 13500 items
Processed 13876 items
Processed 13882 items
Processed 12729 items
Processed 12734 items
Processed 13112 items
Processed 13118 items
Processed 13492 items
Processed 13502 items
Processed 13878 items
Processed 13883 items
Processed 12725 items
Processed 12730 items
Processed 13113 items
Processed 13120 items
Processed 13494 items
Processed 13505 items
Processed 13880 items
Processed 13884 items
Processed 13885 items
Processed 13886 items
Processed 14121 items
Processed 14126 items
Processed 14505 items
Processed 14511 items
Processed 14887 items
Processed 14893 items
Processed 14123 items
Processed 14128 items
Processed 14506 items
Processed 14513 items
Processed 14889 items
Processed 14896 items
Processed 14129 items
Processed 14134 items
Processed 14512 items
Processed 14519 items
Processed 14895 items
Processed 14903 items
Processed 14127 items
Processed 14132 items
Processed 14510 items
Processed 14517 items
Processed 14894 items
Processed 14900 items
Processed 14133 items
Processed 14138 items
Processed 14516 items
Processed 14523 items
Processed 14898 items
Processed 14906 items
Processed 14125 items
Processed 14131 items
Processed 14508 items
Processed 14515 items
Processed 14891 items
Processed 14899 items
Processed 14130 items
Processed 14136 items
Processed 14514 items
Processed 14521 items
Processed 14897 items
Processed 14905 items
Processed 14144 items
Processed 14148 items
Processed 14525 items
Processed 14533 items
Processed 14908 items
Processed 14915 items
Processed 14137 items
Processed 14142 items
Processed 14520 items
Processed 14527 items
Processed 14902 items
Processed 14911 items
Processed 14135 items
Processed 14140 items
Processed 14518 items
Processed 14526 items
Processed 14901 items
Processed 14909 items
Processed 14139 items
Processed 14143 items
Processed 14522 items
Processed 14530 items
Processed 14904 items
Processed 14913 items
Processed 14145 items
Processed 14150 items
Processed 14528 items
Processed 14535 items
Processed 14910 items
Processed 14920 items
Processed 14141 items
Processed 14146 items
Processed 14524 items
Processed 14531 items
Processed 14907 items
Processed 14916 items
Processed 14147 items
Processed 14152 items
Processed 14529 items
Processed 14537 items
Processed 14912 items
Processed 14922 items
Processed 14149 items
Processed 14154 items
Processed 14532 items
Processed 14539 items
Processed 14914 items
Processed 14925 items
Processed 14151 items
Processed 14156 items
Processed 14534 items
Processed 14541 items
Processed 14917 items
Processed 14926 items
Processed 14153 items
Processed 14158 items
Processed 14536 items
Processed 14543 items
Processed 14918 items
Processed 14928 items
Processed 15274 items
Processed 15275 items
Processed 15510 items
Processed 15515 items
Processed 15890 items
Processed 15902 items
Processed 16276 items
Processed 16284 items
Processed 15517 items
Processed 15521 items
Processed 15896 items
Processed 15907 items
Processed 16279 items
Processed 16289 items
Processed 15514 items
Processed 15519 items
Processed 15894 items
Processed 15908 items
Processed 16280 items
Processed 16290 items
Processed 15520 items
Processed 15523 items
Processed 15899 items
Processed 15911 items
Processed 16285 items
Processed 16294 items
Processed 15512 items
Processed 15516 items
Processed 15892 items
Processed 15904 items
Processed 16277 items
Processed 16286 items
Processed 15518 items
Processed 15522 items
Processed 15898 items
Processed 15910 items
Processed 16282 items
Processed 16291 items
Processed 15524 items
Processed 15525 items
Processed 15901 items
Processed 15913 items
Processed 16287 items
Processed 16297 items
Processed 15527 items
Processed 15531 items
Processed 15905 items
Processed 15918 items
Processed 16292 items
Processed 16301 items
Processed 15528 items
Processed 15533 items
Processed 15906 items
Processed 15920 items
Processed 16293 items
Processed 16302 items
Processed 15538 items
Processed 15543 items
Processed 15916 items
Processed 15925 items
Processed 16298 items
Processed 16307 items
Processed 15530 items
Processed 15535 items
Processed 15909 items
Processed 15922 items
Processed 16295 items
Processed 16304 items
Processed 15532 items
Processed 15536 items
Processed 15912 items
Processed 15924 items
Processed 16299 items
Processed 16309 items
Processed 15534 items
Processed 15539 items
Processed 15915 items
Processed 15926 items
Processed 16300 items
Processed 16311 items
Processed 15526 items
Processed 15529 items
Processed 15903 items
Processed 15917 items
Processed 16288 items
Processed 16296 items
Processed 15540 items
Processed 15545 items
Processed 15919 items
Processed 15930 items
Processed 16305 items
Processed 16314 items
Processed 15542 items
Processed 15547 items
Processed 15921 items
Processed 15933 items
Processed 16306 items
Processed 16316 items
Processed 15537 items
Processed 15541 items
Processed 15914 items
Processed 15927 items
Processed 16303 items
Processed 16313 items
Processed 15544 items
Processed 15549 items
Processed 15923 items
Processed 15935 items
Processed 16308 items
Processed 16319 items
Processed 15554 items
Processed 15559 items
Processed 15934 items
Processed 15944 items
Processed 16317 items
Processed 16324 items
Processed 15546 items
Processed 15550 items
Processed 15928 items
Processed 15936 items
Processed 16310 items
Processed 16320 items
Processed 15548 items
Processed 15552 items
Processed 15929 items
Processed 15938 items
Processed 16312 items
Processed 16322 items
Processed 15551 items
Processed 15555 items
Processed 15931 items
Processed 15941 items
Processed 16315 items
Processed 16325 items
Processed 15562 items
Processed 15567 items
Processed 15942 items
Processed 15948 items
Processed 16323 items
Processed 16332 items
Processed 15557 items
Processed 15561 items
Processed 15937 items
Processed 15947 items
Processed 16321 items
Processed 16330 items
Processed 15553 items
Processed 15556 items
Processed 15932 items
Processed 15943 items
Processed 16318 items
Processed 16327 items
Processed 15558 items
Processed 15563 items
Processed 15939 items
Processed 15949 items
Processed 16326 items
Processed 16335 items
Processed 16661 items
Processed 16662 items
Processed 16898 items
Processed 16902 items
Processed 17281 items
Processed 17287 items
Processed 17665 items
Processed 17671 items
Processed 16899 items
Processed 16904 items
Processed 17283 items
Processed 17288 items
Processed 17667 items
Processed 17673 items
Processed 16901 items
Processed 16905 items
Processed 17284 items
Processed 17291 items
Processed 17669 items
Processed 17675 items
Processed 16903 items
Processed 16908 items
Processed 17286 items
Processed 17293 items
Processed 17670 items
Processed 17678 items
Processed 16906 items
Processed 16910 items
Processed 17289 items
Processed 17296 items
Processed 17672 items
Processed 17679 items
Processed 16907 items
Processed 16912 items
Processed 17290 items
Processed 17299 items
Processed 17674 items
Processed 17682 items
Processed 16911 items
Processed 16914 items
Processed 17292 items
Processed 17300 items
Processed 17676 items
Processed 17684 items
Processed 16913 items
Processed 16918 items
Processed 17295 items
Processed 17304 items
Processed 17680 items
Processed 17689 items
Processed 16916 items
Processed 16920 items
Processed 17297 items
Processed 17305 items
Processed 17681 items
Processed 17691 items
Processed 16921 items
Processed 16926 items
Processed 17302 items
Processed 17309 items
Processed 17686 items
Processed 17694 items
Processed 16917 items
Processed 16922 items
Processed 17298 items
Processed 17308 items
Processed 17685 items
Processed 17693 items
Processed 16919 items
Processed 16924 items
Processed 17301 items
Processed 17311 items
Processed 17687 items
Processed 17696 items
Processed 16923 items
Processed 16928 items
Processed 17306 items
Processed 17313 items
Processed 17688 items
Processed 17698 items
Processed 16925 items
Processed 16930 items
Processed 17307 items
Processed 17316 items
Processed 17690 items
Processed 17700 items
Processed 16927 items
Processed 16932 items
Processed 17310 items
Processed 17318 items
Processed 17692 items
Processed 17702 items
Processed 16929 items
Processed 16934 items
Processed 17312 items
Processed 17321 items
Processed 17695 items
Processed 17704 items
Processed 16933 items
Processed 16938 items
Processed 17315 items
Processed 17324 items
Processed 17699 items
Processed 17709 items
Processed 16931 items
Processed 16936 items
Processed 17314 items
Processed 17322 items
Processed 17697 items
Processed 17706 items
Processed 16939 items
Processed 16944 items
Processed 17320 items
Processed 17330 items
Processed 17705 items
Processed 17714 items
Processed 16957 items
Processed 16962 items
Processed 17339 items
Processed 17348 items
Processed 17723 items
Processed 17732 items
Processed 16941 items
Processed 16946 items
Processed 17323 items
Processed 17332 items
Processed 17707 items
Processed 17716 items
Processed 16945 items
Processed 16949 items
Processed 17326 items
Processed 17335 items
Processed 17711 items
Processed 17720 items
Processed 16935 items
Processed 16940 items
Processed 17317 items
Processed 17327 items
Processed 17701 items
Processed 17710 items
Processed 16943 items
Processed 16948 items
Processed 17325 items
Processed 17334 items
Processed 17708 items
Processed 17718 items
Processed 16947 items
Processed 16952 items
Processed 17329 items
Processed 17337 items
Processed 17712 items
Processed 17721 items
Processed 18050 items
Processed 18051 items
Processed 18289 items
Processed 18293 items
Processed 18673 items
Processed 18680 items
Processed 19055 items
Processed 19066 items
Processed 18287 items
Processed 18291 items
Processed 18669 items
Processed 18676 items
Processed 19050 items
Processed 19062 items
Processed 18292 items
Processed 18297 items
Processed 18675 items
Processed 18681 items
Processed 19057 items
Processed 19067 items
Processed 18290 items
Processed 18294 items
Processed 18671 items
Processed 18679 items
Processed 19051 items
Processed 19063 items
Processed 18295 items
Processed 18299 items
Processed 18677 items
Processed 18684 items
Processed 19059 items
Processed 19069 items
Processed 18296 items
Processed 18301 items
Processed 18678 items
Processed 18686 items
Processed 19061 items
Processed 19071 items
Processed 18298 items
Processed 18304 items
Processed 18683 items
Processed 18690 items
Processed 19065 items
Processed 19075 items
Processed 18305 items
Processed 18309 items
Processed 18687 items
Processed 18693 items
Processed 19070 items
Processed 19079 items
Processed 18302 items
Processed 18306 items
Processed 18685 items
Processed 18692 items
Processed 19068 items
Processed 19077 items
Processed 18307 items
Processed 18311 items
Processed 18689 items
Processed 18695 items
Processed 19072 items
Processed 19081 items
Processed 18310 items
Processed 18314 items
Processed 18691 items
Processed 18698 items
Processed 19074 items
Processed 19083 items
Processed 18308 items
Processed 18313 items
Processed 18694 items
Processed 18700 items
Processed 19076 items
Processed 19084 items
Processed 18315 items
Processed 18319 items
Processed 18697 items
Processed 18704 items
Processed 19080 items
Processed 19090 items
Processed 18317 items
Processed 18321 items
Processed 18699 items
Processed 18706 items
Processed 19082 items
Processed 19091 items
Processed 19440 items
Processed 19441 items
Processed 19680 items
Processed 19685 items
Processed 20061 items
Processed 20068 items
Processed 20445 items
Processed 20454 items
Processed 19676 items
Processed 19681 items
Processed 20057 items
Processed 20066 items
Processed 20443 items
Processed 20451 items
Processed 19678 items
Processed 19686 items
Processed 20063 items
Processed 20072 items
Processed 20447 items
Processed 20456 items
Processed 19682 items
Processed 19688 items
Processed 20065 items
Processed 20074 items
Processed 20448 items
Processed 20458 items
Processed 19690 items
Processed 19696 items
Processed 20070 items
Processed 20080 items
Processed 20453 items
Processed 20463 items
Processed 19683 items
Processed 19689 items
Processed 20067 items
Processed 20076 items
Processed 20450 items
Processed 20460 items
Processed 19684 items
Processed 19692 items
Processed 20069 items
Processed 20077 items
Processed 20452 items
Processed 20462 items
Processed 19694 items
Processed 19699 items
Processed 20075 items
Processed 20086 items
Processed 20459 items
Processed 20469 items
Processed 19695 items
Processed 19701 items
Processed 20078 items
Processed 20089 items
Processed 20461 items
Processed 20472 items
Processed 19698 items
Processed 19703 items
Processed 20079 items
Processed 20090 items
Processed 20464 items
Processed 20473 items
Processed 19702 items
Processed 19707 items
Processed 20083 items
Processed 20093 items
Processed 20467 items
Processed 20476 items
Processed 19691 items
Processed 19697 items
Processed 20073 items
Processed 20085 items
Processed 20457 items
Processed 20466 items
Processed 19704 items
Processed 19709 items
Processed 20084 items
Processed 20095 items
Processed 20470 items
Processed 20479 items
Processed 19687 items
Processed 19693 items
Processed 20071 items
Processed 20082 items
Processed 20455 items
Processed 20465 items
Processed 19711 items
Processed 19718 items
Processed 20094 items
Processed 20104 items
Processed 20478 items
Processed 20488 items
Processed 19706 items
Processed 19712 items
Processed 20087 items
Processed 20096 items
Processed 20471 items
Processed 20481 items
Processed 19700 items
Processed 19705 items
Processed 20081 items
Processed 20091 items
Processed 20468 items
Processed 20477 items
Processed 19710 items
Processed 19715 items
Processed 20092 items
Processed 20101 items
Processed 20475 items
Processed 20485 items
Processed 19708 items
Processed 19714 items
Processed 20088 items
Processed 20100 items
Processed 20474 items
Processed 20483 items
Processed 19713 items
Processed 19719 items
Processed 20097 items
Processed 20106 items
Processed 20480 items
Processed 20489 items
Processed 19716 items
Processed 19722 items
Processed 20098 items
Processed 20108 items
Processed 20482 items
Processed 20491 items
Processed 19721 items
Processed 19727 items
Processed 20103 items
Processed 20112 items
Processed 20487 items
Processed 20498 items
Processed 19720 items
Processed 19725 items
Processed 20102 items
Processed 20111 items
Processed 20486 items
Processed 20496 items
Processed 19758 items
Processed 19763 items
Processed 20141 items
Processed 20149 items
Processed 20523 items
Processed 20536 items
Processed 19717 items
Processed 19724 items
Processed 20099 items
Processed 20109 items
Processed 20484 items
Processed 20493 items
Processed 20830 items
Processed 20831 items
Processed 21068 items
Processed 21072 items
Processed 21450 items
Processed 21456 items
Processed 21832 items
Processed 21840 items
Processed 21073 items
Processed 21077 items
Processed 21454 items
Processed 21462 items
Processed 21837 items
Processed 21845 items
Processed 21084 items
Processed 21089 items
Processed 21467 items
Processed 21475 items
Processed 21849 items
Processed 21854 items
Processed 21076 items
Processed 21081 items
Processed 21459 items
Processed 21466 items
Processed 21841 items
Processed 21850 items
Processed 21083 items
Processed 21087 items
Processed 21465 items
Processed 21473 items
Processed 21848 items
Processed 21857 items
Processed 21070 items
Processed 21075 items
Processed 21453 items
Processed 21461 items
Processed 21835 items
Processed 21843 items
Processed 21080 items
Processed 21085 items
Processed 21463 items
Processed 21472 items
Processed 21846 items
Processed 21855 items
Processed 21066 items
Processed 21071 items
Processed 21449 items
Processed 21458 items
Processed 21834 items
Processed 21842 items
Processed 21074 items
Processed 21078 items
Processed 21457 items
Processed 21464 items
Processed 21839 items
Processed 21847 items
Processed 21079 items
Processed 21082 items
Processed 21460 items
Processed 21469 items
Processed 21844 items
Processed 21852 items
Processed 21086 items
Processed 21091 items
Processed 21468 items
Processed 21477 items
Processed 21851 items
Processed 21861 items
Processed 21090 items
Processed 21093 items
Processed 21471 items
Processed 21478 items
Processed 21853 items
Processed 21863 items
Processed 21097 items
Processed 21101 items
Processed 21480 items
Processed 21488 items
Processed 21860 items
Processed 21868 items
Processed 21088 items
Processed 21092 items
Processed 21470 items
Processed 21479 items
Processed 21856 items
Processed 21865 items
Processed 21095 items
Processed 21099 items
Processed 21476 items
Processed 21485 items
Processed 21859 items
Processed 21871 items
Processed 21094 items
Processed 21096 items
Processed 21474 items
Processed 21484 items
Processed 21858 items
Processed 21867 items
Processed 21102 items
Processed 21107 items
Processed 21482 items
Processed 21490 items
Processed 21862 items
Processed 21873 items
Processed 21100 items
Processed 21105 items
Processed 21483 items
Processed 21493 items
Processed 21866 items
Processed 21878 items
Processed 21098 items
Processed 21103 items
Processed 21481 items
Processed 21491 items
Processed 21864 items
Processed 21875 items
Processed 21106 items
Processed 21111 items
Processed 21487 items
Processed 21497 items
Processed 21870 items
Processed 21882 items
Processed 21116 items
Processed 21121 items
Processed 21499 items
Processed 21506 items
Processed 21876 items
Processed 21887 items
Processed 21109 items
Processed 21113 items
Processed 21489 items
Processed 21498 items
Processed 21872 items
Processed 21883 items
Processed 21104 items
Processed 21108 items
Processed 21486 items
Processed 21495 items
Processed 21869 items
Processed 21879 items
Processed 21110 items
Processed 21115 items
Processed 21492 items
Processed 21501 items
Processed 21874 items
Processed 21886 items
Processed 22219 items
Processed 22220 items
Processed 22455 items
Processed 22460 items
Processed 22834 items
Processed 22847 items
Processed 23219 items
Processed 23229 items
Processed 22457 items
Processed 22463 items
Processed 22838 items
Processed 22850 items
Processed 23225 items
Processed 23235 items
Processed 22459 items
Processed 22462 items
Processed 22836 items
Processed 22848 items
Processed 23221 items
Processed 23231 items
Processed 22464 items
Processed 22468 items
Processed 22841 items
Processed 22849 items
Processed 23224 items
Processed 23233 items
Processed 22461 items
Processed 22465 items
Processed 22839 items
Processed 22853 items
Processed 23228 items
Processed 23237 items
Processed 22466 items
Processed 22470 items
Processed 22845 items
Processed 22857 items
Processed 23230 items
Processed 23239 items
Processed 22469 items
Processed 22474 items
Processed 22851 items
Processed 22860 items
Processed 23234 items
Processed 23243 items
Processed 22467 items
Processed 22472 items
Processed 22846 items
Processed 22858 items
Processed 23232 items
Processed 23241 items
Processed 22471 items
Processed 22475 items
Processed 22852 items
Processed 22861 items
Processed 23236 items
Processed 23245 items
Processed 22476 items
Processed 22480 items
Processed 22855 items
Processed 22866 items
Processed 23240 items
Processed 23250 items
Processed 22473 items
Processed 22478 items
Processed 22854 items
Processed 22865 items
Processed 23238 items
Processed 23247 items
Processed 22479 items
Processed 22484 items
Processed 22859 items
Processed 22870 items
Processed 23244 items
Processed 23254 items
Processed 22477 items
Processed 22481 items
Processed 22856 items
Processed 22868 items
Processed 23242 items
Processed 23251 items
Processed 22483 items
Processed 22487 items
Processed 22863 items
Processed 22873 items
Processed 23248 items
Processed 23258 items
Processed 22482 items
Processed 22485 items
Processed 22862 items
Processed 22872 items
Processed 23246 items
Processed 23256 items
Processed 22486 items
Processed 22490 items
Processed 22864 items
Processed 22876 items
Processed 23249 items
Processed 23260 items
Processed 22491 items
Processed 22496 items
Processed 22871 items
Processed 22878 items
Processed 23252 items
Processed 23262 items
Processed 22488 items
Processed 22492 items
Processed 22867 items
Processed 22879 items
Processed 23253 items
Processed 23263 items
Processed 22489 items
Processed 22494 items
Processed 22869 items
Processed 22881 items
Processed 23255 items
Processed 23265 items
Processed 22493 items
Processed 22498 items
Processed 22874 items
Processed 22884 items
Processed 23257 items
Processed 23267 items
Processed 22497 items
Processed 22503 items
Processed 22877 items
Processed 22888 items
Processed 23261 items
Processed 23270 items
Processed 22495 items
Processed 22500 items
Processed 22875 items
Processed 22885 items
Processed 23259 items
Processed 23269 items
Processed 22499 items
Processed 22504 items
Processed 22880 items
Processed 22890 items
Processed 23264 items
Processed 23273 items
Processed 22501 items
Processed 22506 items
Processed 22882 items
Processed 22892 items
Processed 23266 items
Processed 23275 items
Processed 23608 items
Processed 23609 items
Processed 23845 items
Processed 23850 items
Processed 24225 items
Processed 24232 items
Processed 24609 items
Processed 24619 items
Processed 23841 items
Processed 23846 items
Processed 24223 items
Processed 24231 items
Processed 24606 items
Processed 24616 items
Processed 23848 items
Processed 23851 items
Processed 24227 items
Processed 24234 items
Processed 24610 items
Processed 24621 items
Processed 23852 items
Processed 23856 items
Processed 24233 items
Processed 24240 items
Processed 24615 items
Processed 24624 items
Processed 23849 items
Processed 23854 items
Processed 24230 items
Processed 24238 items
Processed 24613 items
Processed 24622 items
Processed 23855 items
Processed 23857 items
Processed 24235 items
Processed 24242 items
Processed 24617 items
Processed 24627 items
Processed 23861 items
Processed 23866 items
Processed 24241 items
Processed 24249 items
Processed 24623 items
Processed 24632 items
Processed 23859 items
Processed 23862 items
Processed 24237 items
Processed 24245 items
Processed 24620 items
Processed 24629 items
Processed 23860 items
Processed 23864 items
Processed 24239 items
Processed 24248 items
Processed 24625 items
Processed 24634 items
Processed 23853 items
Processed 23858 items
Processed 24236 items
Processed 24243 items
Processed 24618 items
Processed 24630 items
Processed 23863 items
Processed 23868 items
Processed 24246 items
Processed 24254 items
Processed 24628 items
Processed 24638 items
Processed 23870 items
Processed 23874 items
Processed 24250 items
Processed 24258 items
Processed 24633 items
Processed 24643 items
Processed 23865 items
Processed 23869 items
Processed 24244 items
Processed 24252 items
Processed 24626 items
Processed 24636 items
Processed 23871 items
Processed 23875 items
Processed 24251 items
Processed 24260 items
Processed 24635 items
Processed 24645 items
Processed 23873 items
Processed 23878 items
Processed 24253 items
Processed 24262 items
Processed 24637 items
Processed 24647 items
Processed 23867 items
Processed 23872 items
Processed 24247 items
Processed 24256 items
Processed 24631 items
Processed 24640 items
Processed 23877 items
Processed 23881 items
Processed 24257 items
Processed 24267 items
Processed 24641 items
Processed 24650 items
Processed 23876 items
Processed 23880 items
Processed 24255 items
Processed 24264 items
Processed 24639 items
Processed 24648 items
Processed 23879 items
Processed 23884 items
Processed 24259 items
Processed 24268 items
Processed 24642 items
Processed 24653 items
Processed 23882 items
Processed 23886 items
Processed 24261 items
Processed 24271 items
Processed 24644 items
Processed 24655 items
Processed 23891 items
Processed 23896 items
Processed 24270 items
Processed 24280 items
Processed 24652 items
Processed 24659 items
Processed 23887 items
Processed 23892 items
Processed 24266 items
Processed 24276 items
Processed 24651 items
Processed 24663 items
Processed 23883 items
Processed 23888 items
Processed 24263 items
Processed 24272 items
Processed 24646 items
Processed 24657 items
Processed 23885 items
Processed 23890 items
Processed 24265 items
Processed 24274 items
Processed 24649 items
Processed 24660 items
Processed 23889 items
Processed 23893 items
Processed 24269 items
Processed 24278 items
Processed 24654 items
Processed 24665 items
Processed 23894 items
Processed 23898 items
Processed 24273 items
Processed 24282 items
Processed 24656 items
Processed 24667 items
Processed 23895 items
Processed 23900 items
Processed 24275 items
Processed 24283 items
Processed 24658 items
Processed 24670 items
Processed 23990 items
Processed 23996 items
Processed 24370 items
Processed 24380 items
Processed 24755 items
Processed 24766 items
Processed 24994 items
Processed 24995 items
Processed 25232 items
Processed 25237 items
Processed 25615 items
Processed 25623 items
Processed 25997 items
Processed 26007 items
Processed 25229 items
Processed 25233 items
Processed 25611 items
Processed 25618 items
Processed 25993 items
Processed 26004 items
Processed 25236 items
Processed 25239 items
Processed 25617 items
Processed 25626 items
Processed 26000 items
Processed 26008 items
Processed 25235 items
Processed 25240 items
Processed 25619 items
Processed 25628 items
Processed 26001 items
Processed 26010 items
Processed 25242 items
Processed 25247 items
Processed 25624 items
Processed 25633 items
Processed 26009 items
Processed 26015 items
Processed 25241 items
Processed 25245 items
Processed 25622 items
Processed 25631 items
Processed 26006 items
Processed 26011 items
Processed 25238 items
Processed 25243 items
Processed 25620 items
Processed 25629 items
Processed 26005 items
Processed 26012 items
Processed 25244 items
Processed 25249 items
Processed 25625 items
Processed 25635 items
Processed 26013 items
Processed 26019 items
Processed 25246 items
Processed 25250 items
Processed 25627 items
Processed 25637 items
Processed 26014 items
Processed 26020 items
Processed 25248 items
Processed 25253 items
Processed 25630 items
Processed 25638 items
Processed 26016 items
Processed 26022 items
Processed 25252 items
Processed 25256 items
Processed 25632 items
Processed 25640 items
Processed 26017 items
Processed 26024 items
Processed 25251 items
Processed 25255 items
Processed 25634 items
Processed 25642 items
Processed 26018 items
Processed 26025 items
Processed 25254 items
Processed 25259 items
Processed 25636 items
Processed 25643 items
Processed 26021 items
Processed 26028 items
Processed 25257 items
Processed 25261 items
Processed 25639 items
Processed 25646 items
Processed 26023 items
Processed 26032 items
Processed 25258 items
Processed 25263 items
Processed 25641 items
Processed 25648 items
Processed 26026 items
Processed 26033 items
Processed 25262 items
Processed 25267 items
Processed 25645 items
Processed 25652 items
Processed 26029 items
Processed 26037 items
Processed 25260 items
Processed 25265 items
Processed 25644 items
Processed 25650 items
Processed 26027 items
Processed 26036 items
Processed 25270 items
Processed 25273 items
Processed 25653 items
Processed 25660 items
Processed 26034 items
Processed 26041 items
Processed 25264 items
Processed 25268 items
Processed 25647 items
Processed 25654 items
Processed 26030 items
Processed 26039 items
Processed 25266 items
Processed 25271 items
Processed 25649 items
Processed 25656 items
Processed 26031 items
Processed 26042 items
Processed 25275 items
Processed 25279 items
Processed 25657 items
Processed 25665 items
Processed 26040 items
Processed 26049 items
Processed 25269 items
Processed 25272 items
Processed 25651 items
Processed 25658 items
Processed 26035 items
Processed 26044 items
Processed 25289 items
Processed 25295 items
Processed 25672 items
Processed 25680 items
Processed 26055 items
Processed 26064 items
Processed 25278 items
Processed 25283 items
Processed 25661 items
Processed 25669 items
Processed 26045 items
Processed 26054 items
Processed 25311 items
Processed 25316 items
Processed 25694 items
Processed 25703 items
Processed 26077 items
Processed 26089 items
Processed 25276 items
Processed 25281 items
Processed 25659 items
Processed 25667 items
Processed 26043 items
Processed 26052 items
Processed 25334 items
Processed 25340 items
Processed 25717 items
Processed 25725 items
Processed 26100 items
Processed 26110 items
Processed 25358 items
Processed 25364 items
Processed 25741 items
Processed 25748 items
Processed 26126 items
Processed 26134 items
